
> vibe-generated-app@1.0.0 dev
> vite


  VITE v5.4.20  ready in 226 ms

  ➜  Local:   http://localhost:3000/
  ➜  Network: http://172.20.3.168:3000/
5:52:39 PM [vite] Pre-transform error: Failed to resolve import "@/state" from "src/screens/Home.tsx". Does the file exist?
5:52:39 PM [vite] Pre-transform error: Failed to resolve import "@/lib/telegram" from "src/screens/Pricing.tsx". Does the file exist?
5:52:39 PM [vite] Pre-transform error: Failed to resolve import "@/state" from "src/screens/Loading.tsx". Does the file exist?
5:52:39 PM [vite] Pre-transform error: Failed to resolve import "@/state" from "src/screens/Settings.tsx". Does the file exist?
5:52:39 PM [vite] ✨ new dependencies optimized: react-dom/client, react-router-dom, @splinetool/react-spline
5:52:39 PM [vite] ✨ optimized dependencies changed. reloading
5:52:40 PM [vite] Pre-transform error: Failed to resolve import "@/state" from "src/screens/Home.tsx". Does the file exist?
5:52:40 PM [vite] Pre-transform error: Failed to resolve import "@/lib/telegram" from "src/screens/Pricing.tsx". Does the file exist?
5:52:40 PM [vite] Pre-transform error: Failed to resolve import "@/state" from "src/screens/Loading.tsx". Does the file exist?
5:52:40 PM [vite] Pre-transform error: Failed to resolve import "@/state" from "src/screens/Settings.tsx". Does the file exist?
5:52:42 PM [vite] Internal server error: Failed to resolve import "@/state" from "src/screens/Home.tsx". Does the file exist?
  Plugin: vite:import-analysis
  File: /home/workspace/src/screens/Home.tsx:3:23
  1  |  import { jsxDEV } from "react/jsx-dev-runtime";
  2  |  import { useNavigate } from "react-router-dom";
  3  |  import { useApp } from "@/state";
     |                          ^
  4  |  import "../styles.css";
  5  |  export default function Home() {
      at TransformPluginContext._formatError (file:///home/workspace/node_modules/vite/dist/node/chunks/dep-D_zLpgQd.js:49258:41)
      at TransformPluginContext.error (file:///home/workspace/node_modules/vite/dist/node/chunks/dep-D_zLpgQd.js:49253:16)
      at normalizeUrl (file:///home/workspace/node_modules/vite/dist/node/chunks/dep-D_zLpgQd.js:64306:23)
      at process.processTicksAndRejections (node:internal/process/task_queues:105:5)
      at async file:///home/workspace/node_modules/vite/dist/node/chunks/dep-D_zLpgQd.js:64438:39
      at async Promise.all (index 2)
      at async TransformPluginContext.transform (file:///home/workspace/node_modules/vite/dist/node/chunks/dep-D_zLpgQd.js:64365:7)
      at async PluginContainer.transform (file:///home/workspace/node_modules/vite/dist/node/chunks/dep-D_zLpgQd.js:49099:18)
      at async loadAndTransform (file:///home/workspace/node_modules/vite/dist/node/chunks/dep-D_zLpgQd.js:51977:27)
      at async viteTransformMiddleware (file:///home/workspace/node_modules/vite/dist/node/chunks/dep-D_zLpgQd.js:62105:24)
5:52:42 PM [vite] Internal server error: Failed to resolve import "@/state" from "src/screens/Settings.tsx". Does the file exist?
  Plugin: vite:import-analysis
  File: /home/workspace/src/screens/Settings.tsx:3:23
  2  |  import { useMemo } from "react";
  3  |  import { useNavigate } from "react-router-dom";
  4  |  import { useApp } from "@/state";
     |                          ^
  5  |  import "../styles.css";
  6  |  const subjects = ["Обществознание", "История", "Английский", "Русский язык"];
      at TransformPluginContext._formatError (file:///home/workspace/node_modules/vite/dist/node/chunks/dep-D_zLpgQd.js:49258:41)
      at TransformPluginContext.error (file:///home/workspace/node_modules/vite/dist/node/chunks/dep-D_zLpgQd.js:49253:16)
      at normalizeUrl (file:///home/workspace/node_modules/vite/dist/node/chunks/dep-D_zLpgQd.js:64306:23)
      at process.processTicksAndRejections (node:internal/process/task_queues:105:5)
      at async file:///home/workspace/node_modules/vite/dist/node/chunks/dep-D_zLpgQd.js:64438:39
      at async Promise.all (index 3)
      at async TransformPluginContext.transform (file:///home/workspace/node_modules/vite/dist/node/chunks/dep-D_zLpgQd.js:64365:7)
      at async PluginContainer.transform (file:///home/workspace/node_modules/vite/dist/node/chunks/dep-D_zLpgQd.js:49099:18)
      at async loadAndTransform (file:///home/workspace/node_modules/vite/dist/node/chunks/dep-D_zLpgQd.js:51977:27)
      at async viteTransformMiddleware (file:///home/workspace/node_modules/vite/dist/node/chunks/dep-D_zLpgQd.js:62105:24)
5:52:42 PM [vite] Internal server error: Failed to resolve import "@/state" from "src/screens/Loading.tsx". Does the file exist?
  Plugin: vite:import-analysis
  File: /home/workspace/src/screens/Loading.tsx:3:23
  2  |  import { useEffect, useState } from "react";
  3  |  import { useNavigate } from "react-router-dom";
  4  |  import { useApp } from "@/state";
     |                          ^
  5  |  import { generateLesson } from "@/lib/api";
  6  |  import "../styles.css";
      at TransformPluginContext._formatError (file:///home/workspace/node_modules/vite/dist/node/chunks/dep-D_zLpgQd.js:49258:41)
      at TransformPluginContext.error (file:///home/workspace/node_modules/vite/dist/node/chunks/dep-D_zLpgQd.js:49253:16)
      at normalizeUrl (file:///home/workspace/node_modules/vite/dist/node/chunks/dep-D_zLpgQd.js:64306:23)
      at process.processTicksAndRejections (node:internal/process/task_queues:105:5)
      at async file:///home/workspace/node_modules/vite/dist/node/chunks/dep-D_zLpgQd.js:64438:39
      at async Promise.all (index 3)
      at async TransformPluginContext.transform (file:///home/workspace/node_modules/vite/dist/node/chunks/dep-D_zLpgQd.js:64365:7)
      at async PluginContainer.transform (file:///home/workspace/node_modules/vite/dist/node/chunks/dep-D_zLpgQd.js:49099:18)
      at async loadAndTransform (file:///home/workspace/node_modules/vite/dist/node/chunks/dep-D_zLpgQd.js:51977:27)
      at async viteTransformMiddleware (file:///home/workspace/node_modules/vite/dist/node/chunks/dep-D_zLpgQd.js:62105:24)
5:52:42 PM [vite] Internal server error: Failed to resolve import "@/lib/telegram" from "src/screens/Pricing.tsx". Does the file exist?
  Plugin: vite:import-analysis
  File: /home/workspace/src/screens/Pricing.tsx:3:28
  1  |  import { jsxDEV } from "react/jsx-dev-runtime";
  2  |  import { useNavigate } from "react-router-dom";
  3  |  import { getTelegram } from "@/lib/telegram";
     |                               ^
  4  |  import "../styles.css";
  5  |  export default function Pricing() {
      at TransformPluginContext._formatError (file:///home/workspace/node_modules/vite/dist/node/chunks/dep-D_zLpgQd.js:49258:41)
      at TransformPluginContext.error (file:///home/workspace/node_modules/vite/dist/node/chunks/dep-D_zLpgQd.js:49253:16)
      at normalizeUrl (file:///home/workspace/node_modules/vite/dist/node/chunks/dep-D_zLpgQd.js:64306:23)
      at process.processTicksAndRejections (node:internal/process/task_queues:105:5)
      at async file:///home/workspace/node_modules/vite/dist/node/chunks/dep-D_zLpgQd.js:64438:39
      at async Promise.all (index 2)
      at async TransformPluginContext.transform (file:///home/workspace/node_modules/vite/dist/node/chunks/dep-D_zLpgQd.js:64365:7)
      at async PluginContainer.transform (file:///home/workspace/node_modules/vite/dist/node/chunks/dep-D_zLpgQd.js:49099:18)
      at async loadAndTransform (file:///home/workspace/node_modules/vite/dist/node/chunks/dep-D_zLpgQd.js:51977:27)
      at async viteTransformMiddleware (file:///home/workspace/node_modules/vite/dist/node/chunks/dep-D_zLpgQd.js:62105:24)
5:52:44 PM [vite] Internal server error: Failed to resolve import "@/state" from "src/screens/Home.tsx". Does the file exist?
  Plugin: vite:import-analysis
  File: /home/workspace/src/screens/Home.tsx:3:23
  1  |  import { jsxDEV } from "react/jsx-dev-runtime";
  2  |  import { useNavigate } from "react-router-dom";
  3  |  import { useApp } from "@/state";
     |                          ^
  4  |  import "../styles.css";
  5  |  export default function Home() {
      at TransformPluginContext._formatError (file:///home/workspace/node_modules/vite/dist/node/chunks/dep-D_zLpgQd.js:49258:41)
      at TransformPluginContext.error (file:///home/workspace/node_modules/vite/dist/node/chunks/dep-D_zLpgQd.js:49253:16)
      at normalizeUrl (file:///home/workspace/node_modules/vite/dist/node/chunks/dep-D_zLpgQd.js:64306:23)
      at process.processTicksAndRejections (node:internal/process/task_queues:105:5)
      at async file:///home/workspace/node_modules/vite/dist/node/chunks/dep-D_zLpgQd.js:64438:39
      at async Promise.all (index 2)
      at async TransformPluginContext.transform (file:///home/workspace/node_modules/vite/dist/node/chunks/dep-D_zLpgQd.js:64365:7)
      at async PluginContainer.transform (file:///home/workspace/node_modules/vite/dist/node/chunks/dep-D_zLpgQd.js:49099:18)
      at async loadAndTransform (file:///home/workspace/node_modules/vite/dist/node/chunks/dep-D_zLpgQd.js:51977:27)
      at async viteTransformMiddleware (file:///home/workspace/node_modules/vite/dist/node/chunks/dep-D_zLpgQd.js:62105:24)
5:52:44 PM [vite] Internal server error: Failed to resolve import "@/state" from "src/screens/Settings.tsx". Does the file exist?
  Plugin: vite:import-analysis
  File: /home/workspace/src/screens/Settings.tsx:3:23
  2  |  import { useMemo } from "react";
  3  |  import { useNavigate } from "react-router-dom";
  4  |  import { useApp } from "@/state";
     |                          ^
  5  |  import "../styles.css";
  6  |  const subjects = ["Обществознание", "История", "Английский", "Русский язык"];
      at TransformPluginContext._formatError (file:///home/workspace/node_modules/vite/dist/node/chunks/dep-D_zLpgQd.js:49258:41)
      at TransformPluginContext.error (file:///home/workspace/node_modules/vite/dist/node/chunks/dep-D_zLpgQd.js:49253:16)
      at normalizeUrl (file:///home/workspace/node_modules/vite/dist/node/chunks/dep-D_zLpgQd.js:64306:23)
      at process.processTicksAndRejections (node:internal/process/task_queues:105:5)
      at async file:///home/workspace/node_modules/vite/dist/node/chunks/dep-D_zLpgQd.js:64438:39
      at async Promise.all (index 3)
      at async TransformPluginContext.transform (file:///home/workspace/node_modules/vite/dist/node/chunks/dep-D_zLpgQd.js:64365:7)
      at async PluginContainer.transform (file:///home/workspace/node_modules/vite/dist/node/chunks/dep-D_zLpgQd.js:49099:18)
      at async loadAndTransform (file:///home/workspace/node_modules/vite/dist/node/chunks/dep-D_zLpgQd.js:51977:27)
      at async viteTransformMiddleware (file:///home/workspace/node_modules/vite/dist/node/chunks/dep-D_zLpgQd.js:62105:24)
5:52:44 PM [vite] Internal server error: Failed to resolve import "@/state" from "src/screens/Loading.tsx". Does the file exist?
  Plugin: vite:import-analysis
  File: /home/workspace/src/screens/Loading.tsx:3:23
  2  |  import { useEffect, useState } from "react";
  3  |  import { useNavigate } from "react-router-dom";
  4  |  import { useApp } from "@/state";
     |                          ^
  5  |  import { generateLesson } from "@/lib/api";
  6  |  import "../styles.css";
      at TransformPluginContext._formatError (file:///home/workspace/node_modules/vite/dist/node/chunks/dep-D_zLpgQd.js:49258:41)
      at TransformPluginContext.error (file:///home/workspace/node_modules/vite/dist/node/chunks/dep-D_zLpgQd.js:49253:16)
      at normalizeUrl (file:///home/workspace/node_modules/vite/dist/node/chunks/dep-D_zLpgQd.js:64306:23)
      at process.processTicksAndRejections (node:internal/process/task_queues:105:5)
      at async file:///home/workspace/node_modules/vite/dist/node/chunks/dep-D_zLpgQd.js:64438:39
      at async Promise.all (index 3)
      at async TransformPluginContext.transform (file:///home/workspace/node_modules/vite/dist/node/chunks/dep-D_zLpgQd.js:64365:7)
      at async PluginContainer.transform (file:///home/workspace/node_modules/vite/dist/node/chunks/dep-D_zLpgQd.js:49099:18)
      at async loadAndTransform (file:///home/workspace/node_modules/vite/dist/node/chunks/dep-D_zLpgQd.js:51977:27)
      at async viteTransformMiddleware (file:///home/workspace/node_modules/vite/dist/node/chunks/dep-D_zLpgQd.js:62105:24)
5:52:44 PM [vite] Internal server error: Failed to resolve import "@/lib/telegram" from "src/screens/Pricing.tsx". Does the file exist?
  Plugin: vite:import-analysis
  File: /home/workspace/src/screens/Pricing.tsx:3:28
  1  |  import { jsxDEV } from "react/jsx-dev-runtime";
  2  |  import { useNavigate } from "react-router-dom";
  3  |  import { getTelegram } from "@/lib/telegram";
     |                               ^
  4  |  import "../styles.css";
  5  |  export default function Pricing() {
      at TransformPluginContext._formatError (file:///home/workspace/node_modules/vite/dist/node/chunks/dep-D_zLpgQd.js:49258:41)
      at TransformPluginContext.error (file:///home/workspace/node_modules/vite/dist/node/chunks/dep-D_zLpgQd.js:49253:16)
      at normalizeUrl (file:///home/workspace/node_modules/vite/dist/node/chunks/dep-D_zLpgQd.js:64306:23)
      at process.processTicksAndRejections (node:internal/process/task_queues:105:5)
      at async file:///home/workspace/node_modules/vite/dist/node/chunks/dep-D_zLpgQd.js:64438:39
      at async Promise.all (index 2)
      at async TransformPluginContext.transform (file:///home/workspace/node_modules/vite/dist/node/chunks/dep-D_zLpgQd.js:64365:7)
      at async PluginContainer.transform (file:///home/workspace/node_modules/vite/dist/node/chunks/dep-D_zLpgQd.js:49099:18)
      at async loadAndTransform (file:///home/workspace/node_modules/vite/dist/node/chunks/dep-D_zLpgQd.js:51977:27)
      at async viteTransformMiddleware (file:///home/workspace/node_modules/vite/dist/node/chunks/dep-D_zLpgQd.js:62105:24)
